<?xml version="1.0" encoding="utf-8"?><testsuites name="pytest tests"><testsuite name="pytest" errors="0" failures="0" skipped="0" tests="22" time="2.367" timestamp="2026-05-25T22:14:07.359915+00:00" hostname="agent-env-693d0e8e-352a-4f6a-a6f2-1af96e3b50db"><testcase classname="tests.test_threadcomb_session1.TestHealth" name="test_health" time="0.255" /><testcase classname="tests.test_threadcomb_session1.TestHealth" name="test_root" time="0.049" /><testcase classname="tests.test_threadcomb_session1.TestCreatorLifecycle" name="test_create_creator" time="0.101" /><testcase classname="tests.test_threadcomb_session1.TestCreatorLifecycle" name="test_create_creator_idempotent" time="0.154" /><testcase classname="tests.test_threadcomb_session1.TestCreatorLifecycle" name="test_get_creator_strips_gmail_secret" time="0.149" /><testcase classname="tests.test_threadcomb_session1.TestCreatorLifecycle" name="test_get_creator_404" time="0.050" /><testcase classname="tests.test_threadcomb_session1.TestCreatorLifecycle" name="test_delete_creator_returns_counts" time="0.151" /><testcase classname="tests.test_threadcomb_session1.TestOnboarding" name="test_step1_platform" time="0.152" /><testcase classname="tests.test_threadcomb_session1.TestOnboarding" name="test_step2_niche" time="0.156" /><testcase classname="tests.test_threadcomb_session1.TestOnboarding" name="test_step3_profile_follower_tier_mapping" time="0.153" /><testcase classname="tests.test_threadcomb_session1.TestOnboarding" name="test_gmail_connect_completes_onboarding" time="0.163" /><testcase classname="tests.test_threadcomb_session1.TestOnboarding" name="test_status_endpoint" time="0.161" /><testcase classname="tests.test_threadcomb_session1.TestOnboarding" name="test_step1_unknown_creator_404" time="0.047" /><testcase classname="tests.test_threadcomb_session1.TestAuthFailures" name="test_session_invalid_returns_401" time="0.135" /><testcase classname="tests.test_threadcomb_session1.TestAuthFailures" name="test_me_without_cookie_returns_401" time="0.126" /><testcase classname="tests.test_threadcomb_session1.TestMongoInvariants" name="test_all_10_collections_exist" time="0.001" /><testcase classname="tests.test_threadcomb_session1.TestMongoInvariants" name="test_niche_graph_seed_invariants" time="0.001" /><testcase classname="tests.test_threadcomb_session1.TestMongoInvariants" name="test_creator_has_data_classification" time="0.103" /><testcase classname="tests.test_threadcomb_session1.TestActionPolicy" name="test_send_brand_deal_email_requires_approval" time="0.000" /><testcase classname="tests.test_threadcomb_session1.TestActionPolicy" name="test_update_deal_status_can_execute" time="0.000" /><testcase classname="tests.test_threadcomb_session1.TestActionPolicy" name="test_draft_brand_deal_low_confidence_requires_hitl" time="0.000" /><testcase classname="tests.test_threadcomb_session1.TestActionPolicy" name="test_draft_brand_deal_high_confidence_ok" time="0.001" /></testsuite></testsuites>